<?xml version="1.0" encoding="UTF-8"?>
<!-- Generated by org.testng.reporters.JUnitReportReporter -->
<testsuite skipped="0" hostname="TYC1121719" name="testNG_advanced.TC_TwoDArray_0011" tests="10" failures="0" timestamp="2022-01-24T19:14:32 IST" time="0.015" errors="0">
  <testcase name="readMultipleDataFromExcel" time="0.000" classname="testNG_advanced.TC_TwoDArray_0011"/>
  <system-out/>
  <testcase name="readMultipleDataFromExcel" time="0.000" classname="testNG_advanced.TC_TwoDArray_0011"/>
  <system-out/>
  <testcase name="readMultipleDataFromExcel" time="0.000" classname="testNG_advanced.TC_TwoDArray_0011"/>
  <system-out/>
  <testcase name="readMultipleDataFromExcel" time="0.000" classname="testNG_advanced.TC_TwoDArray_0011"/>
  <system-out/>
  <testcase name="readMultipleDataFromExcel" time="0.015" classname="testNG_advanced.TC_TwoDArray_0011"/>
  <system-out/>
  <testcase name="readMultipleDataFromExcel" time="0.000" classname="testNG_advanced.TC_TwoDArray_0011"/>
  <system-out/>
  <testcase name="readMultipleDataFromExcel" time="0.000" classname="testNG_advanced.TC_TwoDArray_0011"/>
  <system-out/>
  <testcase name="readMultipleDataFromExcel" time="0.000" classname="testNG_advanced.TC_TwoDArray_0011"/>
  <system-out/>
  <testcase name="readMultipleDataFromExcel" time="0.000" classname="testNG_advanced.TC_TwoDArray_0011"/>
  <system-out/>
  <testcase name="readMultipleDataFromExcel" time="0.000" classname="testNG_advanced.TC_TwoDArray_0011"/>
  <system-out/>
</testsuite> <!-- testNG_advanced.TC_TwoDArray_0011 -->
