<?xml version="1.0" encoding="UTF-8"?>
<!-- Generated by org.testng.reporters.JUnitReportReporter -->
<testsuite skipped="0" hostname="TYC1121719" name="testNG_advanced.TC_SupportLoan_001" tests="4" failures="0" timestamp="2022-01-24T10:16:38 IST" time="50.627" errors="0">
  <testcase name="ceateARequest" time="14.596" classname="testNG_advanced.TC_SupportLoan_001"/>
  <system-out/>
  <testcase name="ceateARequest" time="11.581" classname="testNG_advanced.TC_SupportLoan_001"/>
  <system-out/>
  <testcase name="ceateARequest" time="14.158" classname="testNG_advanced.TC_SupportLoan_001"/>
  <system-out/>
  <testcase name="ceateARequest" time="10.292" classname="testNG_advanced.TC_SupportLoan_001"/>
  <system-out/>
</testsuite> <!-- testNG_advanced.TC_SupportLoan_001 -->
