<?xml version="1.0" encoding="UTF-8"?>
<!-- Generated by org.testng.reporters.JUnitReportReporter -->
<testsuite skipped="0" hostname="TYC1121719" name="testNG_basics.TC_Loan_004" tests="1" failures="0" timestamp="2022-01-22T19:07:38 IST" time="10.211" errors="0">
  <testcase name="modifyLoan" time="10.211" classname="testNG_basics.TC_Loan_004"/>
  <system-out/>
</testsuite> <!-- testNG_basics.TC_Loan_004 -->
