<?xml version="1.0" encoding="UTF-8"?>
<!-- Generated by org.testng.reporters.JUnitReportReporter -->
<testsuite skipped="1" hostname="TYC1121719" name="testNG_basics.TC_Loans_101" tests="3" failures="0" timestamp="2022-01-21T16:30:19 IST" time="74.290" errors="0">
  <testcase name="lenskart" time="62.238" classname="testNG_basics.TC_Loans_101"/>
  <system-out/>
  <testcase name="dell" time="12.052" classname="testNG_basics.TC_Loans_101"/>
  <system-out/>
  <testcase name="lenovo" classname="testNG_basics.TC_Loans_101">
    <skipped/>
  </testcase> <!-- lenovo -->
  <system-out/>
</testsuite> <!-- testNG_basics.TC_Loans_101 -->
