<?xml version="1.0" encoding="UTF-8"?>
<!-- Generated by org.testng.reporters.JUnitReportReporter -->
<testsuite skipped="0" hostname="TYC1121719" name="testNG_basics.TC_Loan_006" tests="1" failures="0" timestamp="2022-01-22T19:09:38 IST" time="16.746" errors="0">
  <testcase name="deleteLoan" time="16.746" classname="testNG_basics.TC_Loan_006"/>
  <system-out/>
</testsuite> <!-- testNG_basics.TC_Loan_006 -->
