<?xml version="1.0" encoding="UTF-8"?>
<!-- Generated by org.testng.reporters.JUnitReportReporter -->
<testsuite skipped="0" hostname="TYC1121719" name="testNG_advanced.TC_TwoDArray_001" tests="2" failures="0" timestamp="2022-01-24T17:39:06 IST" time="31.616" errors="0">
  <testcase name="readMultipleDataFromExcel" time="15.642" classname="testNG_advanced.TC_TwoDArray_001"/>
  <system-out/>
  <testcase name="readMultipleDataFromExcel" time="15.974" classname="testNG_advanced.TC_TwoDArray_001"/>
  <system-out/>
</testsuite> <!-- testNG_advanced.TC_TwoDArray_001 -->
